<?xml version="1.0" encoding="UTF-8"?>
<testng-results ignored="0" total="2" passed="2" failed="0" skipped="0">
  <reporter-output>
  </reporter-output>
  <suite started-at="2024-03-15T18:15:21 IST" name="Suite" finished-at="2024-03-15T18:15:24 IST" duration-ms="2896">
    <groups>
    </groups>
    <test started-at="2024-03-15T18:15:21 IST" name="Test" finished-at="2024-03-15T18:15:24 IST" duration-ms="2896">
      <class name="package1.Class1">
        <test-method signature="m1()[pri:0, instance:package1.Class1@5a63f509]" started-at="2024-03-15T18:15:21 IST" name="m1" finished-at="2024-03-15T18:15:24 IST" duration-ms="2270" status="PASS">
          <reporter-output>
          </reporter-output>
        </test-method> <!-- m1 -->
        <test-method signature="m2()[pri:0, instance:package1.Class1@5a63f509]" started-at="2024-03-15T18:15:24 IST" name="m2" finished-at="2024-03-15T18:15:24 IST" duration-ms="558" status="PASS">
          <reporter-output>
          </reporter-output>
        </test-method> <!-- m2 -->
      </class> <!-- package1.Class1 -->
    </test> <!-- Test -->
  </suite> <!-- Suite -->
</testng-results>
