<?xml version="1.0" encoding="UTF-8"?>
<testng-results ignored="0" total="2" passed="2" failed="0" skipped="0">
  <reporter-output>
  </reporter-output>
  <suite started-at="2024-03-21T19:00:20 IST" name="Suite" finished-at="2024-03-21T19:00:23 IST" duration-ms="2836">
    <groups>
    </groups>
    <test started-at="2024-03-21T19:00:20 IST" name="Test" finished-at="2024-03-21T19:00:23 IST" duration-ms="2836">
      <class name="package1.Class1">
        <test-method signature="m1()[pri:0, instance:package1.Class1@194bcebf]" started-at="2024-03-21T19:00:20 IST" name="m1" finished-at="2024-03-21T19:00:22 IST" duration-ms="2259" status="PASS">
          <reporter-output>
          </reporter-output>
        </test-method> <!-- m1 -->
        <test-method signature="m2()[pri:0, instance:package1.Class1@194bcebf]" started-at="2024-03-21T19:00:22 IST" name="m2" finished-at="2024-03-21T19:00:23 IST" duration-ms="514" status="PASS">
          <reporter-output>
          </reporter-output>
        </test-method> <!-- m2 -->
      </class> <!-- package1.Class1 -->
    </test> <!-- Test -->
  </suite> <!-- Suite -->
</testng-results>
